This is pdfTeXk, Version 3.141592-1.40.3 (Web2C 7.5.6) (format=pdflatex 2012.2.17)  19 JUN 2013 09:51
entering extended mode
 %&-line parsing enabled.
**bamchop.tex
(./bamchop.tex
LaTeX2e <2005/12/01>
Babel <v3.8h> and hyphenation patterns for english, usenglishmax, dumylang, noh
yphenation, arabic, basque, bulgarian, coptic, welsh, czech, slovak, german, ng
erman, danish, esperanto, spanish, catalan, galician, estonian, farsi, finnish,
 french, greek, monogreek, ancientgreek, croatian, hungarian, interlingua, ibyc
us, indonesian, icelandic, italian, latin, mongolian, dutch, norsk, polish, por
tuguese, pinyin, romanian, russian, slovenian, uppersorbian, serbian, swedish, 
turkish, ukenglish, ukrainian, loaded.
(/usr/share/texmf/tex/latex/base/article.cls
Document Class: article 2005/09/16 v1.4f Standard LaTeX document class
(/usr/share/texmf/tex/latex/base/size10.clo
File: size10.clo 2005/09/16 v1.4f Standard LaTeX file (size option)
)
\c@part=\count79
\c@section=\count80
\c@subsection=\count81
\c@subsubsection=\count82
\c@paragraph=\count83
\c@subparagraph=\count84
\c@figure=\count85
\c@table=\count86
\abovecaptionskip=\skip41
\belowcaptionskip=\skip42
\bibindent=\dimen102
)
(/usr/share/texmf/tex/latex/fancyhdr/fancyhdr.sty
\fancy@headwidth=\skip43
\f@ncyO@elh=\skip44
\f@ncyO@erh=\skip45
\f@ncyO@olh=\skip46
\f@ncyO@orh=\skip47
\f@ncyO@elf=\skip48
\f@ncyO@erf=\skip49
\f@ncyO@olf=\skip50
\f@ncyO@orf=\skip51
)
(/usr/share/texmf/tex/latex/tools/array.sty
Package: array 2005/08/23 v2.4b Tabular extension package (FMi)
\col@sep=\dimen103
\extrarowheight=\dimen104
\NC@list=\toks14
\extratabsurround=\skip52
\backup@length=\skip53
)
(/usr/share/texmf/tex/latex/sidecap/sidecap.sty
Package: sidecap 2003/06/06 v1.6f SideCap Package (RN/HjG)

(/usr/share/texmf/tex/latex/base/ifthen.sty
Package: ifthen 2001/05/26 v1.1c Standard LaTeX ifthen package (DPC)
)
\SC@BOXWD=\dimen105
\SC@CAPWD=\dimen106
\SC@tempdima=\dimen107
\SC@tempdimb=\dimen108
\c@SC@C=\count87
\SC@BOX=\box26
)
(/usr/share/texmf/tex/latex/subfigure/subfigure.sty
Package: subfigure 2002/03/15 v2.1.5 subfigure package
\subfigtopskip=\skip54
\subfigcapskip=\skip55
\subfigcaptopadj=\dimen109
\subfigbottomskip=\skip56
\subfigcapmargin=\dimen110
\subfiglabelskip=\skip57
\c@subfigure=\count88
\c@lofdepth=\count89
\c@subtable=\count90
\c@lotdepth=\count91

****************************************
* Local config file subfigure.cfg used *
****************************************
(/usr/share/texmf/tex/latex/subfigure/subfigure.cfg)
\subfig@top=\skip58
\subfig@bottom=\skip59
)
(/usr/share/texmf/tex/latex/float/float.sty
Package: float 2001/11/08 v1.3d Float enhancements (AL)
\c@float@type=\count92
\float@exts=\toks15
\float@box=\box27
\@float@everytoks=\toks16
\@floatcapt=\box28
)
(/usr/share/texmf/tex/latex/tools/longtable.sty
Package: longtable 2004/02/01 v4.11 Multi-page Table package (DPC)
\LTleft=\skip60
\LTright=\skip61
\LTpre=\skip62
\LTpost=\skip63
\LTchunksize=\count93
\LTcapwidth=\dimen111
\LT@head=\box29
\LT@firsthead=\box30
\LT@foot=\box31
\LT@lastfoot=\box32
\LT@cols=\count94
\LT@rows=\count95
\c@LT@tables=\count96
\c@LT@chunks=\count97
\LT@p@ftn=\toks17
)
(/usr/share/texmf/tex/latex/colortbl/colortbl.sty
Package: colortbl 2001/02/13 v0.1j Color table columns (DPC)

(/usr/share/texmf/tex/latex/graphics/color.sty
Package: color 2005/11/14 v1.0j Standard LaTeX Color (DPC)

(/usr/share/texmf/tex/latex/config/color.cfg
File: color.cfg 2007/01/18 v1.5 color configuration of teTeX/TeXLive
)
Package color Info: Driver file: pdftex.def on input line 130.

(/usr/share/texmf/tex/latex/pdftex-def/pdftex.def
File: pdftex.def 2007/01/08 v0.04d Graphics/color for pdfTeX
\Gread@gobject=\count98
))
\everycr=\toks18
\minrowclearance=\skip64
)
(/usr/share/texmf/tex/latex/setspace/setspace.sty
Package: setspace 2000/12/01 6.7 Contributed and Supported LaTeX2e package

Package: `setspace' 6.7 <2000/12/01>
)

Package Fancyhdr Warning: \fancyhfoffset's `E' option without twoside option is
 useless on input line 15.


Package Fancyhdr Warning: \fancyhfoffset's `E' option without twoside option is
 useless on input line 15.

(/usr/share/texmf/tex/latex/hyperref/hyperref.sty
Package: hyperref 2007/02/07 v6.75r Hypertext links for LaTeX

(/usr/share/texmf/tex/latex/graphics/keyval.sty
Package: keyval 1999/03/16 v1.13 key=value parser (DPC)
\KV@toks@=\toks19
)
\@linkdim=\dimen112
\Hy@linkcounter=\count99
\Hy@pagecounter=\count100

(/usr/share/texmf/tex/latex/hyperref/pd1enc.def
File: pd1enc.def 2007/02/07 v6.75r Hyperref: PDFDocEncoding definition (HO)
)
(/usr/share/texmf/tex/latex/config/hyperref.cfg
File: hyperref.cfg 2002/06/06 v1.2 hyperref configuration of TeXLive
)
(/usr/share/texmf/tex/latex/oberdiek/kvoptions.sty
Package: kvoptions 2006/08/22 v2.4 Connects package keyval with LaTeX options (
HO)
)
Package hyperref Info: Hyper figures OFF on input line 2288.
Package hyperref Info: Link nesting OFF on input line 2293.
Package hyperref Info: Hyper index ON on input line 2296.
Package hyperref Info: Plain pages OFF on input line 2303.
Package hyperref Info: Backreferencing OFF on input line 2308.

Implicit mode ON; LaTeX internals redefined
Package hyperref Info: Bookmarks ON on input line 2444.
(/usr/share/texmf/tex/latex/ltxmisc/url.sty
\Urlmuskip=\muskip10
Package: url 2005/06/27  ver 3.2  Verb mode for urls, etc.
)
LaTeX Info: Redefining \url on input line 2599.
\Fld@menulength=\count101
\Field@Width=\dimen113
\Fld@charsize=\dimen114
\Choice@toks=\toks20
\Field@toks=\toks21
Package hyperref Info: Hyper figures OFF on input line 3102.
Package hyperref Info: Link nesting OFF on input line 3107.
Package hyperref Info: Hyper index ON on input line 3110.
Package hyperref Info: backreferencing OFF on input line 3117.
Package hyperref Info: Link coloring OFF on input line 3122.
\Hy@abspage=\count102
\c@Item=\count103
\c@Hfootnote=\count104
)
*hyperref using default driver hpdftex*
(/usr/share/texmf/tex/latex/hyperref/hpdftex.def
File: hpdftex.def 2007/02/07 v6.75r Hyperref driver for pdfTeX
\Fld@listcount=\count105
)
(/usr/share/texmf/tex/latex/xcolor/xcolor.sty
Package: xcolor 2007/01/21 v2.11 LaTeX color extensions (UK)

(/usr/share/texmf/tex/latex/config/color.cfg
File: color.cfg 2007/01/18 v1.5 color configuration of teTeX/TeXLive
)
Package xcolor Info: Driver file: pdftex.def on input line 225.
LaTeX Info: Redefining \color on input line 702.
Package xcolor Info: Model `cmy' substituted by `cmy0' on input line 1337.
Package xcolor Info: Model `hsb' substituted by `rgb' on input line 1341.
Package xcolor Info: Model `RGB' extended on input line 1353.
Package xcolor Info: Model `HTML' substituted by `rgb' on input line 1355.
Package xcolor Info: Model `Hsb' substituted by `hsb' on input line 1356.
Package xcolor Info: Model `tHsb' substituted by `hsb' on input line 1357.
Package xcolor Info: Model `HSB' substituted by `hsb' on input line 1358.
Package xcolor Info: Model `Gray' substituted by `gray' on input line 1359.
Package xcolor Info: Model `wave' substituted by `hsb' on input line 1360.
)
(/usr/share/texmf/tex/latex/ltxmisc/underscore.sty
Package: underscore 2006/09/13
LaTeX Info: Redefining \_ on input line 42.
)
(/usr/share/texmf/tex/latex/appendix/appendix.sty
Package: appendix 2002/08/06 v1.2 extra appendix facilities
\c@@pps=\count106
\c@@ppsavesec=\count107
\c@@ppsaveapp=\count108
)
Package hyperref Info: Option `colorlinks' set `true' on input line 44.
 (./Sweave.sty
Package: Sweave 

(/usr/share/texmf/tex/latex/graphics/graphicx.sty
Package: graphicx 1999/02/16 v1.0f Enhanced LaTeX Graphics (DPC,SPQR)

(/usr/share/texmf/tex/latex/graphics/graphics.sty
Package: graphics 2006/02/20 v1.0o Standard LaTeX Graphics (DPC,SPQR)

(/usr/share/texmf/tex/latex/graphics/trig.sty
Package: trig 1999/03/16 v1.09 sin cos tan (DPC)
)
(/usr/share/texmf/tex/latex/config/graphics.cfg
File: graphics.cfg 2007/01/18 v1.5 graphics configuration of teTeX/TeXLive
)
Package graphics Info: Driver file: pdftex.def on input line 90.
)
\Gin@req@height=\dimen115
\Gin@req@width=\dimen116
)
(/usr/share/texmf/tex/latex/fancyvrb/fancyvrb.sty
Package: fancyvrb 1998/07/17

Style option: `fancyvrb' v2.6, with DG/SPQR fixes <1998/07/17> (tvz)
\FV@CodeLineNo=\count109
\FV@InFile=\read1
\FV@TabBox=\box33
\c@FancyVerbLine=\count110
\FV@StepNumber=\count111
\FV@OutFile=\write3

No file fancyvrb.cfg.
) (/usr/share/texmf/tex/latex/R/upquote.sty
Package: upquote 2003/08/11 v1.1 Covington's upright-quote modification to verb
atim and verb

(/usr/share/texmf/tex/latex/base/textcomp.sty
Package: textcomp 2005/09/27 v1.99g Standard LaTeX package
Package textcomp Info: Sub-encoding information:
(textcomp)               5 = only ISO-Adobe without \textcurrency
(textcomp)               4 = 5 + \texteuro
(textcomp)               3 = 4 + \textohm
(textcomp)               2 = 3 + \textestimated + \textcurrency
(textcomp)               1 = TS1 - \textcircled - \t
(textcomp)               0 = TS1 (full)
(textcomp)             Font families with sub-encoding setting implement
(textcomp)             only a restricted character set as indicated.
(textcomp)             Family '?' is the default used for unknown fonts.
(textcomp)             See the documentation for details.
Package textcomp Info: Setting ? sub-encoding to TS1/1 on input line 71.

(/usr/share/texmf/tex/latex/base/ts1enc.def
File: ts1enc.def 2001/06/05 v3.0e (jk/car/fm) Standard LaTeX file
)
LaTeX Info: Redefining \oldstylenums on input line 266.
Package textcomp Info: Setting cmr sub-encoding to TS1/0 on input line 281.
Package textcomp Info: Setting cmss sub-encoding to TS1/0 on input line 282.
Package textcomp Info: Setting cmtt sub-encoding to TS1/0 on input line 283.
Package textcomp Info: Setting cmvtt sub-encoding to TS1/0 on input line 284.
Package textcomp Info: Setting cmbr sub-encoding to TS1/0 on input line 285.
Package textcomp Info: Setting cmtl sub-encoding to TS1/0 on input line 286.
Package textcomp Info: Setting ccr sub-encoding to TS1/0 on input line 287.
Package textcomp Info: Setting ptm sub-encoding to TS1/4 on input line 288.
Package textcomp Info: Setting pcr sub-encoding to TS1/4 on input line 289.
Package textcomp Info: Setting phv sub-encoding to TS1/4 on input line 290.
Package textcomp Info: Setting ppl sub-encoding to TS1/3 on input line 291.
Package textcomp Info: Setting pag sub-encoding to TS1/4 on input line 292.
Package textcomp Info: Setting pbk sub-encoding to TS1/4 on input line 293.
Package textcomp Info: Setting pnc sub-encoding to TS1/4 on input line 294.
Package textcomp Info: Setting pzc sub-encoding to TS1/4 on input line 295.
Package textcomp Info: Setting bch sub-encoding to TS1/4 on input line 296.
Package textcomp Info: Setting put sub-encoding to TS1/5 on input line 297.
Package textcomp Info: Setting uag sub-encoding to TS1/5 on input line 298.
Package textcomp Info: Setting ugq sub-encoding to TS1/5 on input line 299.
Package textcomp Info: Setting ul8 sub-encoding to TS1/4 on input line 300.
Package textcomp Info: Setting ul9 sub-encoding to TS1/4 on input line 301.
Package textcomp Info: Setting augie sub-encoding to TS1/5 on input line 302.
Package textcomp Info: Setting dayrom sub-encoding to TS1/3 on input line 303.
Package textcomp Info: Setting dayroms sub-encoding to TS1/3 on input line 304.

Package textcomp Info: Setting pxr sub-encoding to TS1/0 on input line 305.
Package textcomp Info: Setting pxss sub-encoding to TS1/0 on input line 306.
Package textcomp Info: Setting pxtt sub-encoding to TS1/0 on input line 307.
Package textcomp Info: Setting txr sub-encoding to TS1/0 on input line 308.
Package textcomp Info: Setting txss sub-encoding to TS1/0 on input line 309.
Package textcomp Info: Setting txtt sub-encoding to TS1/0 on input line 310.
Package textcomp Info: Setting futs sub-encoding to TS1/4 on input line 311.
Package textcomp Info: Setting futx sub-encoding to TS1/4 on input line 312.
Package textcomp Info: Setting futj sub-encoding to TS1/4 on input line 313.
Package textcomp Info: Setting hlh sub-encoding to TS1/3 on input line 314.
Package textcomp Info: Setting hls sub-encoding to TS1/3 on input line 315.
Package textcomp Info: Setting hlst sub-encoding to TS1/3 on input line 316.
Package textcomp Info: Setting hlct sub-encoding to TS1/5 on input line 317.
Package textcomp Info: Setting hlx sub-encoding to TS1/5 on input line 318.
Package textcomp Info: Setting hlce sub-encoding to TS1/5 on input line 319.
Package textcomp Info: Setting hlcn sub-encoding to TS1/5 on input line 320.
Package textcomp Info: Setting hlcw sub-encoding to TS1/5 on input line 321.
Package textcomp Info: Setting hlcf sub-encoding to TS1/5 on input line 322.
Package textcomp Info: Setting pplx sub-encoding to TS1/3 on input line 323.
Package textcomp Info: Setting pplj sub-encoding to TS1/3 on input line 324.
Package textcomp Info: Setting ptmx sub-encoding to TS1/4 on input line 325.
Package textcomp Info: Setting ptmj sub-encoding to TS1/4 on input line 326.
))
(/usr/share/texmf/tex/latex/base/fontenc.sty
Package: fontenc 2005/09/27 v1.99g Standard LaTeX package

(/usr/share/texmf/tex/latex/base/t1enc.def
File: t1enc.def 2005/09/27 v1.99g Standard LaTeX file
LaTeX Font Info:    Redeclaring font encoding T1 on input line 43.
))
(/usr/share/texmf/tex/latex/ae/ae.sty
Package: ae 2001/02/12 1.3 Almost European Computer Modern

(/usr/share/texmf/tex/latex/base/fontenc.sty
Package: fontenc 2005/09/27 v1.99g Standard LaTeX package

(/usr/share/texmf/tex/latex/base/t1enc.def
File: t1enc.def 2005/09/27 v1.99g Standard LaTeX file
LaTeX Font Info:    Redeclaring font encoding T1 on input line 43.
)
LaTeX Font Info:    Try loading font information for T1+aer on input line 100.

(/usr/share/texmf/tex/latex/ae/t1aer.fd
File: t1aer.fd 1997/11/16 Font definitions for T1/aer.
)))) (./bamchop.aux)
\openout1 = `bamchop.aux'.

LaTeX Font Info:    Checking defaults for OML/cmm/m/it on input line 53.
LaTeX Font Info:    ... okay on input line 53.
LaTeX Font Info:    Checking defaults for T1/cmr/m/n on input line 53.
LaTeX Font Info:    ... okay on input line 53.
LaTeX Font Info:    Checking defaults for OT1/cmr/m/n on input line 53.
LaTeX Font Info:    ... okay on input line 53.
LaTeX Font Info:    Checking defaults for OMS/cmsy/m/n on input line 53.
LaTeX Font Info:    ... okay on input line 53.
LaTeX Font Info:    Checking defaults for OMX/cmex/m/n on input line 53.
LaTeX Font Info:    ... okay on input line 53.
LaTeX Font Info:    Checking defaults for U/cmr/m/n on input line 53.
LaTeX Font Info:    ... okay on input line 53.
LaTeX Font Info:    Checking defaults for PD1/pdf/m/n on input line 53.
LaTeX Font Info:    ... okay on input line 53.
LaTeX Font Info:    Checking defaults for TS1/cmr/m/n on input line 53.
LaTeX Font Info:    Try loading font information for TS1+cmr on input line 53.

(/usr/share/texmf/tex/latex/base/ts1cmr.fd
File: ts1cmr.fd 1999/05/25 v2.5h Standard LaTeX font definitions
)
LaTeX Font Info:    ... okay on input line 53.

(/usr/share/texmf/tex/latex/ragged2e/ragged2e.sty
Package: ragged2e 2003/03/25 v2.04 ragged2e Package (MS)

(/usr/share/texmf/tex/latex/everysel/everysel.sty
Package: everysel 1999/06/08 v1.03 EverySelectfont Package (MS)
LaTeX Info: Redefining \selectfont on input line 125.
)
\CenteringLeftskip=\skip65
\RaggedLeftLeftskip=\skip66
\RaggedRightLeftskip=\skip67
\CenteringRightskip=\skip68
\RaggedLeftRightskip=\skip69
\RaggedRightRightskip=\skip70
\CenteringParfillskip=\skip71
\RaggedLeftParfillskip=\skip72
\RaggedRightParfillskip=\skip73
\JustifyingParfillskip=\skip74
\CenteringParindent=\skip75
\RaggedLeftParindent=\skip76
\RaggedRightParindent=\skip77
\JustifyingParindent=\skip78
)
Package hyperref Info: Link coloring ON on input line 53.

(/usr/share/texmf/tex/latex/hyperref/nameref.sty
Package: nameref 2006/12/27 v2.28 Cross-referencing by name of section

(/usr/share/texmf/tex/latex/oberdiek/refcount.sty
Package: refcount 2006/02/20 v3.0 Data extraction from references (HO)
)
\c@section@level=\count112
)
LaTeX Info: Redefining \ref on input line 53.
LaTeX Info: Redefining \pageref on input line 53.
 (./bamchop.out)
(./bamchop.out)
\@outlinefile=\write4
\openout4 = `bamchop.out'.

LaTeX Font Info:    External font `cmex10' loaded for size
(Font)              <12> on input line 58.
LaTeX Font Info:    External font `cmex10' loaded for size
(Font)              <8> on input line 58.
LaTeX Font Info:    External font `cmex10' loaded for size
(Font)              <6> on input line 58.
 (./bamchop.toc
LaTeX Font Info:    External font `cmex10' loaded for size
(Font)              <7> on input line 2.
LaTeX Font Info:    External font `cmex10' loaded for size
(Font)              <5> on input line 2.


Package Fancyhdr Warning: \headheight is too small (10.0pt): 
 Make it at least 12.0pt.
 We now make it that large for the rest of the document.
 This may cause the page layout to be inconsistent, however.


</home/zhangz/hts/scripts/bamchop.1.01/logo.jpg, id=184, 406.51875pt x 114.4275
pt>
File: /home/zhangz/hts/scripts/bamchop.1.01/logo.jpg Graphic file (type jpg)
 <use /home/zhangz/hts/scripts/bamchop.1.01/logo.jpg> [1{/usr/share/texmf/fonts
/map/pdftex/updmap/pdftex.map}

 </home/zhangz/hts/scripts/bamchop.1.01/logo.jpg>])
\tf@toc=\write5
\openout5 = `bamchop.toc'.

File: /home/zhangz/hts/scripts/bamchop.1.01/logo.jpg Graphic file (type jpg)
 <use /home/zhangz/hts/scripts/bamchop.1.01/logo.jpg> [2]
<bamchop-landscape.pdf, id=210, 1011.78pt x 1228.59pt>
File: bamchop-landscape.pdf Graphic file (type pdf)

<use bamchop-landscape.pdf>
Overfull \hbox (16.88876pt too wide) in paragraph at lines 65--66
 [] 
 []

pdfTeX warning (ext4): destination with the same identifier (name{page.1}) has 
been already used, duplicate ignored
<to be read again> 
                   \relax 
l.68 
     
File: /home/zhangz/hts/scripts/bamchop.1.01/logo.jpg Graphic file (type jpg)
 <use /home/zhangz/hts/scripts/bamchop.1.01/logo.jpg> [1 <./bamchop-landscape.p
df>]pdfTeX warning (ext4): destination with the same identifier (name{page.2}) 
has been already used, duplicate ignored
<to be read again> 
                   \relax 
l.130 \section
              {Read count and sequencing coverage}
File: /home/zhangz/hts/scripts/bamchop.1.01/logo.jpg Graphic file (type jpg)

<use /home/zhangz/hts/scripts/bamchop.1.01/logo.jpg> [2]
<bamchop-depth-feature.pdf, id=223, page=2, 939.51pt x 650.43pt>
File: bamchop-depth-feature.pdf Graphic file (type pdf)

<use bamchop-depth-feature.pdf, page 2>
File: /home/zhangz/hts/scripts/bamchop.1.01/logo.jpg Graphic file (type jpg)

<use /home/zhangz/hts/scripts/bamchop.1.01/logo.jpg> [3]
File: /home/zhangz/hts/scripts/bamchop.1.01/logo.jpg Graphic file (type jpg)

<use /home/zhangz/hts/scripts/bamchop.1.01/logo.jpg> [4 <./bamchop-depth-featur
e.pdf>]
LaTeX Font Info:    Try loading font information for T1+aett on input line 191.

 (/usr/share/texmf/tex/latex/ae/t1aett.fd
File: t1aett.fd 1997/11/16 Font definitions for T1/aett.
)
<bamchop-qual-distribution.pdf, id=241, 578.16pt x 433.62pt>
File: bamchop-qual-distribution.pdf Graphic file (type pdf)

<use bamchop-qual-distribution.pdf>
Underfull \hbox (badness 1325) in paragraph at lines 223--223
\T1/aer/m/n/10 be-low). The qual-ity scores are cal-cu-
 []

<bamchop-qual-position.pdf, id=242, page=1, 1011.78pt x 722.7pt>
File: bamchop-qual-position.pdf Graphic file (type pdf)

<use bamchop-qual-position.pdf, page 1>
Overfull \hbox (16.88876pt too wide) in paragraph at lines 230--231
[][] 
 []

File: /home/zhangz/hts/scripts/bamchop.1.01/logo.jpg Graphic file (type jpg)
<use /home/zhangz/hts/scripts/bamchop.1.01/logo.jpg> [5 <./bamchop-qual-distrib
ution.pdf>]
File: /home/zhangz/hts/scripts/bamchop.1.01/logo.jpg Graphic file (type jpg)
 <use /home/zhangz/hts/scripts/bamchop.1.01/logo.jpg> [6 <./bamchop-qual-positi
on.pdf>] <bamchop-mapping-length.pdf, id=268, 939.51pt x 578.16pt>
File: bamchop-mapping-length.pdf Graphic file (type pdf)

<use bamchop-mapping-length.pdf>
File: /home/zhangz/hts/scripts/bamchop.1.01/logo.jpg Graphic file (type jpg)

<use /home/zhangz/hts/scripts/bamchop.1.01/logo.jpg> [7 <./bamchop-mapping-leng
th.pdf>]
File: /home/zhangz/hts/scripts/bamchop.1.01/logo.jpg Graphic file (type jpg)
 <use /home/zhangz/hts/scripts/bamchop.1.01/logo.jpg> [8]
<bamchop-mapq-distribution.pdf, id=285, 939.51pt x 578.16pt>
File: bamchop-mapq-distribution.pdf Graphic file (type pdf)

<use bamchop-mapq-distribution.pdf>
File: /home/zhangz/hts/scripts/bamchop.1.01/logo.jpg Graphic file (type jpg)

<use /home/zhangz/hts/scripts/bamchop.1.01/logo.jpg> [9 <./bamchop-mapq-distrib
ution.pdf>] <bamchop-gap-size.pdf, id=297, 578.16pt x 433.62pt>
File: bamchop-gap-size.pdf Graphic file (type pdf)

<use bamchop-gap-size.pdf>
File: /home/zhangz/hts/scripts/bamchop.1.01/logo.jpg Graphic file (type jpg)

<use /home/zhangz/hts/scripts/bamchop.1.01/logo.jpg> [10 <./bamchop-gap-size.pd
f>] <bamchop-dup-distribution.pdf, id=313, 867.24pt x 461.725pt>
File: bamchop-dup-distribution.pdf Graphic file (type pdf)

<use bamchop-dup-distribution.pdf>
File: /home/zhangz/hts/scripts/bamchop.1.01/logo.jpg Graphic file (type jpg)

<use /home/zhangz/hts/scripts/bamchop.1.01/logo.jpg> [11 <./bamchop-dup-distrib
ution.pdf>] <bamchop-pair-insert.pdf, id=326, 578.16pt x 433.62pt>
File: bamchop-pair-insert.pdf Graphic file (type pdf)

<use bamchop-pair-insert.pdf>
File: /home/zhangz/hts/scripts/bamchop.1.01/logo.jpg Graphic file (type jpg)

<use /home/zhangz/hts/scripts/bamchop.1.01/logo.jpg> [12 <./bamchop-pair-insert
.pdf>] <bamchop-base-gc.pdf, id=336, 578.16pt x 433.62pt>
File: bamchop-base-gc.pdf Graphic file (type pdf)

<use bamchop-base-gc.pdf>
File: /home/zhangz/hts/scripts/bamchop.1.01/logo.jpg Graphic file (type jpg)
 <use /home/zhangz/hts/scripts/bamchop.1.01/logo.jpg>
[13 <./bamchop-base-gc.pdf>]
<bamchop-base-fst-lst.pdf, id=353, page=2, 722.7pt x 433.62pt>
File: bamchop-base-fst-lst.pdf Graphic file (type pdf)

<use bamchop-base-fst-lst.pdf, page 2>
<bamchop-base-fst-lst.pdf, id=354, page=4, 722.7pt x 433.62pt>
File: bamchop-base-fst-lst.pdf Graphic file (type pdf)

<use bamchop-base-fst-lst.pdf, page 4>
Overfull \hbox (1.18613pt too wide) in paragraph at lines 519--521
[][] [][] 
 []

<bamchop-base-two.pdf, id=355, 578.16pt x 578.16pt>
File: bamchop-base-two.pdf Graphic file (type pdf)
 <use bamchop-base-two.pdf>
File: /home/zhangz/hts/scripts/bamchop.1.01/logo.jpg Graphic file (type jpg)

<use /home/zhangz/hts/scripts/bamchop.1.01/logo.jpg> [14 <./bamchop-base-fst-ls
t.pdf> <./bamchop-base-fst-lst.pdf> <./bamchop-base-two.pdf>]
File: /home/zhangz/hts/scripts/bamchop.1.01/logo.jpg Graphic file (type jpg)

<use /home/zhangz/hts/scripts/bamchop.1.01/logo.jpg> [15]
File: /home/zhangz/hts/scripts/bamchop.1.01/logo.jpg Graphic file (type jpg)

<use /home/zhangz/hts/scripts/bamchop.1.01/logo.jpg> [16]
Underfull \hbox (badness 10000) in paragraph at lines 647--649

 []

File: /home/zhangz/hts/scripts/bamchop.1.01/logo.jpg Graphic file (type jpg)
<use /home/zhangz/hts/scripts/bamchop.1.01/logo.jpg> [17] (./bamchop.aux) ) 
Here is how much of TeX's memory you used:
 5141 strings out of 256216
 70354 string characters out of 1917072
 140280 words of memory out of 1500000
 8205 multiletter control sequences out of 10000+200000
 33581 words of font info for 70 fonts, out of 1200000 for 2000
 645 hyphenation exceptions out of 8191
 35i,15n,47p,919b,493s stack positions out of 5000i,500n,6000p,200000b,15000s
</us
r/share/texmf/fonts/type1/bluesky/cm/cmbx10.pfb></usr/share/texmf/fonts/type1/b
luesky/cm/cmbx12.pfb></usr/share/texmf/fonts/type1/bluesky/cm/cmmi10.pfb></usr/
share/texmf/fonts/type1/bluesky/cm/cmmib10.pfb></usr/share/texmf/fonts/type1/bl
uesky/cm/cmr10.pfb></usr/share/texmf/fonts/type1/bluesky/cm/cmr12.pfb></usr/sha
re/texmf/fonts/type1/bluesky/cm/cmr17.pfb></usr/share/texmf/fonts/type1/bluesky
/cm/cmr5.pfb></usr/share/texmf/fonts/type1/bluesky/cm/cmr7.pfb></usr/share/texm
f/fonts/type1/bluesky/cm/cmr9.pfb></usr/share/texmf/fonts/type1/bluesky/cm/cmsy
7.pfb></usr/share/texmf/fonts/type1/bluesky/cm/cmtt10.pfb>
Output written on bamchop.pdf (19 pages, 443909 bytes).
PDF statistics:
 452 PDF objects out of 1000 (max. 8388607)
 84 named destinations out of 1000 (max. 131072)
 383 words of extra memory for PDF output out of 10000 (max. 10000000)

